Removed Pin From Net: NetName=ADC_33 Pin=ADC-1
Removed Pin From Net: NetName=ADC_32 Pin=ADC-2
Removed Pin From Net: NetName=ADC_35 Pin=ADC-3
Removed Pin From Net: NetName=ADC_34 Pin=ADC-4
Removed Pin From Net: NetName=ADC_39 Pin=ADC-5
Removed Pin From Net: NetName=ADC_36 Pin=ADC-6
Removed Pin From Net: NetName=GND Pin=D2-2
Removed Pin From Net: NetName=+3.3V Pin=R1-1
Removed Pin From Net: NetName=ADC_36 Pin=U1-3
Removed Pin From Net: NetName=ADC_39 Pin=U1-4
Removed Pin From Net: NetName=ADC_34 Pin=U1-5
Removed Pin From Net: NetName=ADC_35 Pin=U1-6
Removed Pin From Net: NetName=ADC_32 Pin=U1-7
Removed Pin From Net: NetName=ADC_33 Pin=U1-8
Removed Member From Class: ClassName=esquematico Member=ADC
Removed Member From Class: ClassName=esquematico Member=D2
Removed Member From Class: ClassName=esquematico Member=IN 12-24V
Removed Member From Class: ClassName=esquematico Member=R1
Removed Member From Class: ClassName=esquematico Member=S1
Removed Member From Class: ClassName=esquematico Member=SOURCE
Added Component: Designator=ADC?(BORNERA_6)
Added Component: Designator=D?(FP-LED)
Added Component: Designator=R?(FP-RESISTENCIA)
Added Pin To Net: NetName=ADC_33 Pin=ADC?-1
Added Pin To Net: NetName=ADC_32 Pin=ADC?-2
Added Pin To Net: NetName=ADC_35 Pin=ADC?-3
Added Pin To Net: NetName=ADC_34 Pin=ADC?-4
Added Pin To Net: NetName=ADC_39 Pin=ADC?-5
Added Pin To Net: NetName=ADC_36 Pin=ADC?-6
Added Pin To Net: NetName=GND Pin=D?-2
Added Pin To Net: NetName=+3.3V Pin=R?-1
Added Pin To Net: NetName=IO13 Pin=U1-15
Change Net Name : Old Net Name=NetC1_1 New Net Name=EN
Change Net Name : Old Net Name=Vsource New Net Name=NetD1_1
Added Pin To Net: NetName=NetD?_1 Pin=D?-1
Added Pin To Net: NetName=NetD?_1 Pin=R?-2
Added Net: Name=NetD?_1
Added Class: Name=source
Added Class: Name=N000-2_[32..39]
Added Member To Class: ClassName=borneras Member=Component ADC? BORNERA_6
Added Room: Name=esquematico
Added Room: Name=source
