Added Component: Designator=ADC(BORNERA_6)
Added Component: Designator=I/O(BORNERA_12)
Added Component: Designator=IN 12-24V(BORNERA_2)
Added Component: Designator=J1(PCBComponent_1)
Added Component: Designator=J2(PCBComponent_1)
Added Component: Designator=J3(PCBComponent_1)
Added Component: Designator=RS485(BORNERA_4)
Added Component: Designator=S1(STEP_SOURCE)
Added Component: Designator=SOURCE(BORNERA_3)
Added Component: Designator=U2(TTL_RS485)
Added Pin To Net: NetName=+3.3V Pin=J3-1
Added Net: Name=+3.3V
Added Pin To Net: NetName=A Pin=RS485-3
Added Pin To Net: NetName=A Pin=U2-7
Added Net: Name=A
Added Pin To Net: NetName=B Pin=RS485-2
Added Pin To Net: NetName=B Pin=U2-6
Added Net: Name=B
Added Pin To Net: NetName=GND Pin=RS485-4
Added Pin To Net: NetName=GND Pin=S1-4
Added Pin To Net: NetName=GND Pin=S1-4
Added Pin To Net: NetName=GND Pin=U2-8
Added Net: Name=GND
Added Pin To Net: NetName=NetIN 12-24V_1 Pin=IN 12-24V-1
Added Pin To Net: NetName=NetIN 12-24V_1 Pin=S1-2
Added Pin To Net: NetName=NetIN 12-24V_1 Pin=S1-2
Added Net: Name=NetIN 12-24V_1
Added Pin To Net: NetName=NetIN 12-24V_2 Pin=IN 12-24V-2
Added Pin To Net: NetName=NetIN 12-24V_2 Pin=S1-1
Added Pin To Net: NetName=NetIN 12-24V_2 Pin=S1-1
Added Net: Name=NetIN 12-24V_2
Added Pin To Net: NetName=VCC_RS485 Pin=J1-2
Added Pin To Net: NetName=VCC_RS485 Pin=J2-2
Added Pin To Net: NetName=VCC_RS485 Pin=J3-2
Added Pin To Net: NetName=VCC_RS485 Pin=RS485-1
Added Pin To Net: NetName=VCC_RS485 Pin=U2-5
Added Net: Name=VCC_RS485
Added Pin To Net: NetName=VCC Pin=J1-1
Added Pin To Net: NetName=VCC Pin=S1-3
Added Pin To Net: NetName=VCC Pin=S1-3
Added Net: Name=VCC
Added Pin To Net: NetName=Vsource Pin=J2-1
Added Net: Name=Vsource
Added Class: Name=esquematico
Added Room: Name=esquematico
