Added Pin To Net: NetName=GND Pin=U1-32
Added Pin To Net: NetName=IO2 Pin=I/O-8
Added Pin To Net: NetName=IO2 Pin=U1-24
Added Net: Name=IO2
Added Pin To Net: NetName=IO4 Pin=I/O-7
Added Pin To Net: NetName=IO4 Pin=U1-26
Added Net: Name=IO4
Added Pin To Net: NetName=IO5 Pin=I/O-6
Added Pin To Net: NetName=IO5 Pin=U1-29
Added Net: Name=IO5
Added Pin To Net: NetName=IO15 Pin=I/O-9
Added Pin To Net: NetName=IO15 Pin=U1-23
Added Net: Name=IO15
Added Pin To Net: NetName=IO18 Pin=I/O-5
Added Pin To Net: NetName=IO18 Pin=U1-30
Added Net: Name=IO18
Added Pin To Net: NetName=IO19 Pin=I/O-4
Added Pin To Net: NetName=IO19 Pin=U1-31
Added Net: Name=IO19
Added Pin To Net: NetName=IO21 Pin=I/O-3
Added Pin To Net: NetName=IO21 Pin=U1-33
Added Net: Name=IO21
Added Pin To Net: NetName=IO22 Pin=I/O-2
Added Pin To Net: NetName=IO22 Pin=U1-36
Added Net: Name=IO22
Added Pin To Net: NetName=IO23 Pin=I/O-1
Added Pin To Net: NetName=IO23 Pin=U1-37
Added Net: Name=IO23
Added Pin To Net: NetName=IO25 Pin=I/O-10
Added Pin To Net: NetName=IO25 Pin=U1-9
Added Net: Name=IO25
Added Pin To Net: NetName=IO26 Pin=I/O-11
Added Pin To Net: NetName=IO26 Pin=U1-10
Added Net: Name=IO26
Added Pin To Net: NetName=IO27 Pin=I/O-12
Added Pin To Net: NetName=IO27 Pin=U1-11
Added Net: Name=IO27
Added Room: Name=esquematico
