Removed Pin From Net: NetName=IO23 Pin=I/O 3.3V-1
Removed Pin From Net: NetName=IO22 Pin=I/O 3.3V-2
Removed Pin From Net: NetName=IO21 Pin=I/O 3.3V-3
Removed Pin From Net: NetName=IO19 Pin=I/O 3.3V-4
Removed Pin From Net: NetName=IO18 Pin=I/O 3.3V-5
Removed Pin From Net: NetName=IO5 Pin=I/O 3.3V-6
Removed Pin From Net: NetName=IO17 Pin=I/O 3.3V-7
Removed Pin From Net: NetName=IO16 Pin=I/O 3.3V-8
Removed Pin From Net: NetName=IO4 Pin=I/O 3.3V-9
Removed Pin From Net: NetName=IO2 Pin=I/O 3.3V-10
Removed Pin From Net: NetName=IO15 Pin=I/O 3.3V-11
Removed Pin From Net: NetName=IO13 Pin=I/O 3.3V-12
Removed Pin From Net: NetName=Vsource Pin=IN 12-24V-2
Removed Pin From Net: NetName=VCC Pin=J1-1
Removed Pin From Net: NetName=VCC_RS485 Pin=J1-2
Removed Pin From Net: NetName=Vsource Pin=J2-1
Removed Pin From Net: NetName=VCC_RS485 Pin=J2-2
Removed Pin From Net: NetName=IO13 Pin=U1-15
Removed Pin From Net: NetName=GND Pin=U1-32
Removed Member From Class: ClassName=esquematico Member=I/O 3.3V
Change Component Designator: OldDesignator=D1 NewDesignator=D2
Added Component: Designator=D1(FP-1N4007-MFG)
Add component (AddParameter): Name = "Automotive"; Value = "No"; VariantName = "[No Variations]"
Add component (AddParameter): Name = "Capacitance"; Value = "15pF"; VariantName = "[No Variations]"
Add component (AddParameter): Name = "Category"; Value = "Diode"; VariantName = "[No Variations]"
Add component (AddParameter): Name = "ComponentLink2Description"; Value = "Datasheet"; VariantName = "[No Variations]"
Add component (AddParameter): Name = "ComponentLink2URL"; Value = "http://www.vishay.com/docs/88503/1n4001.pdf"; VariantName = "[No Variations]"
Add component (AddParameter): Name = "Device Class L1"; Value = "Discrete Semiconductors"; VariantName = "[No Variations]"
Add component (AddParameter): Name = "Device Class L2"; Value = "Diodes"; VariantName = "[No Variations]"
Add component (AddParameter): Name = "Device Class L3"; Value = "Rectifier Diodes"; VariantName = "[No Variations]"
Add component (AddParameter): Name = "Digikey Description"; Value = "DIODE GEN PURP 1KV 1A DO204AL"; VariantName = "[No Variations]"
Add component (AddParameter): Name = "Forward Current"; Value = "1A"; VariantName = "[No Variations]"
Add component (AddParameter): Name = "Height"; Value = "2.7mm"; VariantName = "[No Variations]"
Add component (AddParameter): Name = "Ipc Land Pattern Name"; Value = "DIOPA1088W105L520D270"; VariantName = "[No Variations]"
Add component (AddParameter): Name = "Lead Free"; Value = "Yes"; VariantName = "[No Variations]"
Add component (AddParameter): Name = "Manufacturer"; Value = "Vishay"; VariantName = "[No Variations]"
Add component (AddParameter): Name = "Manufacturer Part Number"; Value = "1N4007-E3/54"; VariantName = "[No Variations]"
Add component (AddParameter): Name = "Max Junction Temp"; Value = "+150°C"; VariantName = "[No Variations]"
Add component (AddParameter): Name = "Max Repetitive Reverse Voltage"; Value = "1000V"; VariantName = "[No Variations]"
Add component (AddParameter): Name = "Max Surge Forward Current"; Value = "30A"; VariantName = "[No Variations]"
Add component (AddParameter): Name = "Mouser Description"; Value = "Rectifiers Vr/1000V Io/1A"; VariantName = "[No Variations]"
Add component (AddParameter): Name = "Octopart"; Value = "https://octopart.com/1n4007-e3%2F54-vishay-39548207"; VariantName = "[No Variations]"
Add component (AddParameter): Name = "Package"; Value = "1N4007"; VariantName = "[No Variations]"
Add component (AddParameter): Name = "Peak Reverse Current"; Value = "30uA"; VariantName = "[No Variations]"
Add component (AddParameter): Name = "RoHS"; Value = "TRUE"; VariantName = "[No Variations]"
Add component (AddParameter): Name = "Temperature"; Value = "-50°C to +150°C"; VariantName = "[No Variations]"
Add component (AddParameter): Name = "Temperature Range High"; Value = "+150°C"; VariantName = "[No Variations]"
Add component (AddParameter): Name = "Temperature Range Low"; Value = "-50°C"; VariantName = "[No Variations]"
Add component (AddParameter): Name = "Value"; Value = "15pF"; VariantName = "[No Variations]"
Added Component: Designator=I/O?(BORNERA_12)
Added Component: Designator=VRS485(HDR1X3)
Add component (AddParameter): Name = "LatestRevisionDate"; Value = "17-Jul-2002"; VariantName = "[No Variations]"
Add component (AddParameter): Name = "LatestRevisionNote"; Value = "Re-released for DXP Platform."; VariantName = "[No Variations]"
Add component (AddParameter): Name = "Publisher"; Value = "Altium Limited"; VariantName = "[No Variations]"
Added Pin To Net: NetName=Vsource Pin=D1-1
Added Pin To Net: NetName=IO22 Pin=I/O?-2
Added Pin To Net: NetName=IO21 Pin=I/O?-3
Added Pin To Net: NetName=IO19 Pin=I/O?-4
Added Pin To Net: NetName=IO18 Pin=I/O?-5
Added Pin To Net: NetName=IO5 Pin=I/O?-6
Added Pin To Net: NetName=IO17 Pin=I/O?-7
Added Pin To Net: NetName=IO16 Pin=I/O?-8
Added Pin To Net: NetName=IO4 Pin=I/O?-9
Added Pin To Net: NetName=IO2 Pin=I/O?-10
Added Pin To Net: NetName=IO15 Pin=I/O?-11
Added Pin To Net: NetName=IO13 Pin=I/O?-12
Added Pin To Net: NetName=VCC Pin=VRS485-1
Added Pin To Net: NetName=VCC_RS485 Pin=VRS485-2
Added Pin To Net: NetName=Vsource Pin=VRS485-3
Change Net Name : Old Net Name=NetD1_1 New Net Name=NetD2_1
Added Pin To Net: NetName=NetD1_2 Pin=D1-2
Added Pin To Net: NetName=NetD1_2 Pin=IN 12-24V-1
Added Net: Name=NetD1_2
Added Pin To Net: NetName=NetIN 12-24V_2 Pin=IN 12-24V-2
Added Pin To Net: NetName=NetIN 12-24V_2 Pin=S1-2
Added Pin To Net: NetName=NetIN 12-24V_2 Pin=S1-2
Added Net: Name=NetIN 12-24V_2
Added Class: Name=borneras
Added Class: Name=N000-1_[0..23]
Added Member To Class: ClassName=esquematico Member=Component D2 LED
Added Member To Class: ClassName=esquematico Member=Component R1 500O
Added Member To Class: ClassName=esquematico Member=Component VRS485 Header 3
Added Room: Name=borneras
Added Room: Name=esquematico
